\BOOKMARK [0][-]{chapter*.1}{Resumen}{}% 1
\BOOKMARK [0][-]{chapter*.3}{Abstract}{}% 2
\BOOKMARK [0][-]{chapter*.4}{Agradecimientos}{}% 3
\BOOKMARK [0][-]{chapter*.5}{\315ndice general}{}% 4
\BOOKMARK [0][-]{chapter*.8}{\315ndice de cuadros}{}% 5
\BOOKMARK [0][-]{chapter*.10}{\315ndice de figuras}{}% 6
\BOOKMARK [0][-]{chapter*.11}{\315ndice de listados}{}% 7
\BOOKMARK [0][-]{chapter*.12}{Listado de acr\363nimos}{}% 8
\BOOKMARK [0][-]{chapter.1}{Introducci\363n}{}% 9
\BOOKMARK [1][-]{section.1.1}{T\355tulo del proyecto}{chapter.1}% 10
\BOOKMARK [1][-]{section.1.2}{Estructura del documento}{chapter.1}% 11
\BOOKMARK [1][-]{section.1.3}{M\341s texto para que ocupe varias p\341ginas}{chapter.1}% 12
\BOOKMARK [0][-]{chapter.2}{Objetivos}{}% 13
\BOOKMARK [1][-]{section.2.1}{Objetivo general}{chapter.2}% 14
\BOOKMARK [1][-]{section.2.2}{Objetivos espec\355ficos}{chapter.2}% 15
\BOOKMARK [2][-]{subsection.2.2.1}{Objetivo 1}{section.2.2}% 16
\BOOKMARK [2][-]{subsection.2.2.2}{Objetivo 2}{section.2.2}% 17
\BOOKMARK [2][-]{subsection.2.2.3}{Objetivo 3}{section.2.2}% 18
\BOOKMARK [2][-]{subsection.2.2.4}{Objetivo 4}{section.2.2}% 19
\BOOKMARK [2][-]{subsection.2.2.5}{Objetivo 5}{section.2.2}% 20
\BOOKMARK [2][-]{subsection.2.2.6}{Objetivo 6}{section.2.2}% 21
\BOOKMARK [1][-]{section.2.3}{Objetivos acad\351micos}{chapter.2}% 22
\BOOKMARK [0][-]{chapter.3}{Antecedentes}{}% 23
\BOOKMARK [1][-]{section.3.1}{Localizaci\363n geogr\341fica y Sistemas de Informaci\363n Geogr\341fica \(SIG\)}{chapter.3}% 24
\BOOKMARK [2][-]{subsection.3.1.1}{Funcionamiento de los gps}{section.3.1}% 25
\BOOKMARK [2][-]{subsection.3.1.2}{Cartograf\355a y SIG La labor de documentaci\363n est\341 basada en: Diaz15. }{section.3.1}% 26
\BOOKMARK [1][-]{section.3.2}{Internet y la www}{chapter.3}% 27
\BOOKMARK [2][-]{subsection.3.2.1}{Tecnolog\355as del lado del servidor}{section.3.2}% 28
\BOOKMARK [2][-]{subsection.3.2.2}{Tecnolog\355as del lado del cliente}{section.3.2}% 29
\BOOKMARK [1][-]{section.3.3}{Dispositivos m\363viles}{chapter.3}% 30
\BOOKMARK [1][-]{section.3.4}{Aplicaciones similares}{chapter.3}% 31
\BOOKMARK [2][-]{subsection.3.4.1}{Foursquare}{section.3.4}% 32
\BOOKMARK [2][-]{subsection.3.4.2}{Swarm}{section.3.4}% 33
\BOOKMARK [2][-]{subsection.3.4.3}{Glympse}{section.3.4}% 34
\BOOKMARK [2][-]{subsection.3.4.4}{Strava}{section.3.4}% 35
\BOOKMARK [2][-]{subsection.3.4.5}{Waze}{section.3.4}% 36
\BOOKMARK [2][-]{subsection.3.4.6}{Ingress}{section.3.4}% 37
\BOOKMARK [2][-]{subsection.3.4.7}{Life360 Family Locator}{section.3.4}% 38
\BOOKMARK [2][-]{subsection.3.4.8}{\277D\363nde est\341 mi coche?}{section.3.4}% 39
\BOOKMARK [2][-]{subsection.3.4.9}{Find my car}{section.3.4}% 40
\BOOKMARK [0][-]{chapter.4}{M\351todo de Trabajo}{}% 41
\BOOKMARK [1][-]{section.4.1}{Dispositivos empleados}{chapter.4}% 42
\BOOKMARK [2][-]{subsection.4.1.1}{Ordenador port\341til}{section.4.1}% 43
\BOOKMARK [2][-]{subsection.4.1.2}{Tel\351fono m\363vil}{section.4.1}% 44
\BOOKMARK [1][-]{section.4.2}{Kanban}{chapter.4}% 45
\BOOKMARK [2][-]{subsection.4.2.1}{Roles}{section.4.2}% 46
\BOOKMARK [2][-]{subsection.4.2.2}{Sprint}{section.4.2}% 47
\BOOKMARK [2][-]{subsection.4.2.3}{Componentes de Kanban}{section.4.2}% 48
\BOOKMARK [1][-]{section.4.3}{TDD}{chapter.4}% 49
\BOOKMARK [1][-]{section.4.4}{Marco tecnol\363gico}{chapter.4}% 50
\BOOKMARK [2][-]{subsection.4.4.1}{Herramientas de dise\361o}{section.4.4}% 51
\BOOKMARK [2][-]{subsection.4.4.2}{Herramientas de gesti\363n del proyecto}{section.4.4}% 52
\BOOKMARK [2][-]{subsection.4.4.3}{Herramientas, tecnolog\355as y frameworks para el desarrollo}{section.4.4}% 53
\BOOKMARK [2][-]{subsection.4.4.4}{Herramientas para la gesti\363n de bases de datos}{section.4.4}% 54
\BOOKMARK [2][-]{subsection.4.4.5}{Herramientas documentales}{section.4.4}% 55
\BOOKMARK [2][-]{subsection.4.4.6}{Herramientas de implantaci\363n}{section.4.4}% 56
\BOOKMARK [0][-]{appendix.Alph1}{Ejemplo de anexo}{}% 57
\BOOKMARK [0][-]{appendix*.29}{Referencias}{}% 58
